<?xml version="1.0" encoding="UTF-8"?>
<!-- Generated by org.testng.reporters.JUnitXMLReporter -->
<testsuite ignored="0" hostname="LAPTOP-BKEQF5PU" failures="0" tests="1" name="Test" time="30.627" errors="0" timestamp="2020-08-25T13:34:48 IST">
  <testcase classname="com.AutoPro.Pages.BaseClass" name="@AfterClass teardown" time="0.001">
    <failure type="java.lang.NullPointerException">
      <![CDATA[java.lang.NullPointerException
at com.AutoPro.Utilities.BrowserFactory.quitBrowser(BrowserFactory.java:40)
at com.AutoPro.Pages.BaseClass.teardown(BaseClass.java:65)
at java.base/java.util.ArrayList.forEach(ArrayList.java:1510)
... Removed 25 stack frames]]>
    </failure>
  </testcase> <!-- @AfterClass teardown -->
  <testcase classname="com.AutoPro.testcases.LoginTest" name="loginApp" time="19.618"/>
</testsuite> <!-- Test -->
